<?xml version="1.0" encoding="UTF-8"?>
<coverage generated="1652814367092" clover="3.2.0">
  <project timestamp="1652814367092" name="All files">
    <metrics statements="57" coveredstatements="43" conditionals="9" coveredconditionals="3" methods="18" coveredmethods="12" elements="84" coveredelements="58" complexity="0" loc="57" ncloc="57" packages="9" files="14" classes="14"/>
    <package name="src">
      <metrics statements="8" coveredstatements="8" conditionals="0" coveredconditionals="0" methods="0" coveredmethods="0"/>
      <file name="app.ts" path="/home/guilherme/Projetos/Projeto Autoral/restaurant-menu-backend/src/app.ts">
        <metrics statements="5" coveredstatements="5" conditionals="0" coveredconditionals="0" methods="0" coveredmethods="0"/>
        <line num="8" count="1" type="stmt"/>
        <line num="9" count="1" type="stmt"/>
        <line num="10" count="1" type="stmt"/>
        <line num="11" count="1" type="stmt"/>
        <line num="12" count="1" type="stmt"/>
      </file>
      <file name="database.ts" path="/home/guilherme/Projetos/Projeto Autoral/restaurant-menu-backend/src/database.ts">
        <metrics statements="2" coveredstatements="2" conditionals="0" coveredconditionals="0" methods="0" coveredmethods="0"/>
        <line num="3" count="2" type="stmt"/>
        <line num="4" count="2" type="stmt"/>
      </file>
      <file name="setup.ts" path="/home/guilherme/Projetos/Projeto Autoral/restaurant-menu-backend/src/setup.ts">
        <metrics statements="1" coveredstatements="1" conditionals="0" coveredconditionals="0" methods="0" coveredmethods="0"/>
        <line num="2" count="1" type="stmt"/>
      </file>
    </package>
    <package name="src.controllers">
      <metrics statements="6" coveredstatements="6" conditionals="0" coveredconditionals="0" methods="2" coveredmethods="2"/>
      <file name="userController.ts" path="/home/guilherme/Projetos/Projeto Autoral/restaurant-menu-backend/src/controllers/userController.ts">
        <metrics statements="6" coveredstatements="6" conditionals="0" coveredconditionals="0" methods="2" coveredmethods="2"/>
        <line num="5" count="1" type="stmt"/>
        <line num="7" count="1" type="stmt"/>
        <line num="9" count="1" type="stmt"/>
        <line num="13" count="1" type="stmt"/>
        <line num="15" count="1" type="stmt"/>
        <line num="17" count="1" type="stmt"/>
      </file>
    </package>
    <package name="src.middlewares">
      <metrics statements="9" coveredstatements="4" conditionals="2" coveredconditionals="0" methods="3" coveredmethods="2"/>
      <file name="errorHandlerMiddleware.ts" path="/home/guilherme/Projetos/Projeto Autoral/restaurant-menu-backend/src/middlewares/errorHandlerMiddleware.ts">
        <metrics statements="4" coveredstatements="0" conditionals="1" coveredconditionals="0" methods="1" coveredmethods="0"/>
        <line num="15" count="0" type="stmt"/>
        <line num="17" count="0" type="cond" truecount="0" falsecount="1"/>
        <line num="18" count="0" type="stmt"/>
        <line num="21" count="0" type="stmt"/>
      </file>
      <file name="validateSchemaMiddleware.ts" path="/home/guilherme/Projetos/Projeto Autoral/restaurant-menu-backend/src/middlewares/validateSchemaMiddleware.ts">
        <metrics statements="5" coveredstatements="4" conditionals="1" coveredconditionals="0" methods="2" coveredmethods="2"/>
        <line num="5" count="2" type="stmt"/>
        <line num="6" count="2" type="stmt"/>
        <line num="7" count="2" type="cond" truecount="0" falsecount="1"/>
        <line num="8" count="0" type="stmt"/>
        <line num="11" count="2" type="stmt"/>
      </file>
    </package>
    <package name="src.repositories">
      <metrics statements="2" coveredstatements="2" conditionals="0" coveredconditionals="0" methods="2" coveredmethods="2"/>
      <file name="userRepository.ts" path="/home/guilherme/Projetos/Projeto Autoral/restaurant-menu-backend/src/repositories/userRepository.ts">
        <metrics statements="2" coveredstatements="2" conditionals="0" coveredconditionals="0" methods="2" coveredmethods="2"/>
        <line num="5" count="2" type="stmt"/>
        <line num="13" count="1" type="stmt"/>
      </file>
    </package>
    <package name="src.routers">
      <metrics statements="5" coveredstatements="5" conditionals="0" coveredconditionals="0" methods="0" coveredmethods="0"/>
      <file name="index.ts" path="/home/guilherme/Projetos/Projeto Autoral/restaurant-menu-backend/src/routers/index.ts">
        <metrics statements="2" coveredstatements="2" conditionals="0" coveredconditionals="0" methods="0" coveredmethods="0"/>
        <line num="5" count="1" type="stmt"/>
        <line num="6" count="1" type="stmt"/>
      </file>
      <file name="userRouter.ts" path="/home/guilherme/Projetos/Projeto Autoral/restaurant-menu-backend/src/routers/userRouter.ts">
        <metrics statements="3" coveredstatements="3" conditionals="0" coveredconditionals="0" methods="0" coveredmethods="0"/>
        <line num="6" count="1" type="stmt"/>
        <line num="8" count="1" type="stmt"/>
        <line num="9" count="1" type="stmt"/>
      </file>
    </package>
    <package name="src.schemas">
      <metrics statements="2" coveredstatements="2" conditionals="0" coveredconditionals="0" methods="0" coveredmethods="0"/>
      <file name="userSchema.ts" path="/home/guilherme/Projetos/Projeto Autoral/restaurant-menu-backend/src/schemas/userSchema.ts">
        <metrics statements="2" coveredstatements="2" conditionals="0" coveredconditionals="0" methods="0" coveredmethods="0"/>
        <line num="4" count="1" type="stmt"/>
        <line num="9" count="1" type="stmt"/>
      </file>
    </package>
    <package name="src.services">
      <metrics statements="12" coveredstatements="12" conditionals="3" coveredconditionals="3" methods="3" coveredmethods="3"/>
      <file name="userService.ts" path="/home/guilherme/Projetos/Projeto Autoral/restaurant-menu-backend/src/services/userService.ts">
        <metrics statements="12" coveredstatements="12" conditionals="3" coveredconditionals="3" methods="3" coveredmethods="3"/>
        <line num="14" count="2" type="stmt"/>
        <line num="15" count="2" type="cond" truecount="1" falsecount="0"/>
        <line num="17" count="1" type="stmt"/>
        <line num="18" count="1" type="stmt"/>
        <line num="22" count="3" type="stmt"/>
        <line num="24" count="1" type="stmt"/>
        <line num="26" count="1" type="stmt"/>
        <line num="30" count="3" type="stmt"/>
        <line num="31" count="3" type="cond" truecount="1" falsecount="0"/>
        <line num="33" count="2" type="stmt"/>
        <line num="34" count="2" type="cond" truecount="1" falsecount="0"/>
        <line num="36" count="1" type="stmt"/>
      </file>
    </package>
    <package name="src.utils">
      <metrics statements="11" coveredstatements="2" conditionals="4" coveredconditionals="0" methods="7" coveredmethods="2"/>
      <file name="errorUtils.ts" path="/home/guilherme/Projetos/Projeto Autoral/restaurant-menu-backend/src/utils/errorUtils.ts">
        <metrics statements="11" coveredstatements="2" conditionals="4" coveredconditionals="0" methods="7" coveredmethods="2"/>
        <line num="13" count="0" type="stmt"/>
        <line num="17" count="0" type="cond" truecount="0" falsecount="1"/>
        <line num="18" count="0" type="cond" truecount="0" falsecount="1"/>
        <line num="19" count="0" type="cond" truecount="0" falsecount="1"/>
        <line num="20" count="0" type="cond" truecount="0" falsecount="1"/>
        <line num="21" count="0" type="stmt"/>
        <line num="25" count="0" type="stmt"/>
        <line num="29" count="2" type="stmt"/>
        <line num="33" count="0" type="stmt"/>
        <line num="37" count="4" type="stmt"/>
        <line num="41" count="0" type="stmt"/>
      </file>
    </package>
    <package name="tests.factories">
      <metrics statements="2" coveredstatements="2" conditionals="0" coveredconditionals="0" methods="1" coveredmethods="1"/>
      <file name="userBodyFactory.ts" path="/home/guilherme/Projetos/Projeto Autoral/restaurant-menu-backend/tests/factories/userBodyFactory.ts">
        <metrics statements="1" coveredstatements="1" conditionals="0" coveredconditionals="0" methods="0" coveredmethods="0"/>
        <line num="3" count="2" type="stmt"/>
      </file>
      <file name="userFactory.ts" path="/home/guilherme/Projetos/Projeto Autoral/restaurant-menu-backend/tests/factories/userFactory.ts">
        <metrics statements="1" coveredstatements="1" conditionals="0" coveredconditionals="0" methods="1" coveredmethods="1"/>
        <line num="6" count="1" type="stmt"/>
      </file>
    </package>
  </project>
</coverage>
