{"/home/guilherme/Projetos/Projeto Autoral/restaurant-menu-backend/src/app.ts": {"path":"/home/guilherme/Projetos/Projeto Autoral/restaurant-menu-backend/src/app.ts","statementMap":{"0":{"start":{"line":8,"column":12},"end":{"line":8,"column":21}},"1":{"start":{"line":9,"column":0},"end":{"line":9,"column":16}},"2":{"start":{"line":10,"column":0},"end":{"line":10,"column":16}},"3":{"start":{"line":11,"column":0},"end":{"line":11,"column":16}},"4":{"start":{"line":12,"column":0},"end":{"line":12,"column":32}}},"fnMap":{},"branchMap":{},"s":{"0":1,"1":1,"2":1,"3":1,"4":1},"f":{},"b":{}}
,"/home/guilherme/Projetos/Projeto Autoral/restaurant-menu-backend/src/database.ts": {"path":"/home/guilherme/Projetos/Projeto Autoral/restaurant-menu-backend/src/database.ts","statementMap":{"0":{"start":{"line":3,"column":25},"end":{"line":3,"column":28}},"1":{"start":{"line":4,"column":22},"end":{"line":4,"column":40}}},"fnMap":{},"branchMap":{},"s":{"0":2,"1":2},"f":{},"b":{}}
,"/home/guilherme/Projetos/Projeto Autoral/restaurant-menu-backend/src/setup.ts": {"path":"/home/guilherme/Projetos/Projeto Autoral/restaurant-menu-backend/src/setup.ts","statementMap":{"0":{"start":{"line":2,"column":0},"end":{"line":2,"column":16}}},"fnMap":{},"branchMap":{},"s":{"0":1},"f":{},"b":{}}
,"/home/guilherme/Projetos/Projeto Autoral/restaurant-menu-backend/src/controllers/userController.ts": {"path":"/home/guilherme/Projetos/Projeto Autoral/restaurant-menu-backend/src/controllers/userController.ts","statementMap":{"0":{"start":{"line":5,"column":14},"end":{"line":5,"column":22}},"1":{"start":{"line":7,"column":1},"end":{"line":7,"column":null}},"2":{"start":{"line":9,"column":1},"end":{"line":9,"column":null}},"3":{"start":{"line":13,"column":14},"end":{"line":13,"column":22}},"4":{"start":{"line":15,"column":15},"end":{"line":15,"column":44}},"5":{"start":{"line":17,"column":1},"end":{"line":17,"column":null}}},"fnMap":{"0":{"name":"signUp","decl":{"start":{"line":4,"column":15},"end":{"line":4,"column":21}},"loc":{"start":{"line":4,"column":49},"end":{"line":10,"column":null}}},"1":{"name":"login","decl":{"start":{"line":12,"column":15},"end":{"line":12,"column":20}},"loc":{"start":{"line":12,"column":48},"end":{"line":18,"column":null}}}},"branchMap":{},"s":{"0":1,"1":1,"2":1,"3":1,"4":1,"5":1},"f":{"0":1,"1":1},"b":{}}
,"/home/guilherme/Projetos/Projeto Autoral/restaurant-menu-backend/src/middlewares/errorHandlerMiddleware.ts": {"path":"/home/guilherme/Projetos/Projeto Autoral/restaurant-menu-backend/src/middlewares/errorHandlerMiddleware.ts","statementMap":{"0":{"start":{"line":15,"column":1},"end":{"line":15,"column":null}},"1":{"start":{"line":17,"column":1},"end":{"line":19,"column":null}},"2":{"start":{"line":18,"column":2},"end":{"line":18,"column":null}},"3":{"start":{"line":21,"column":1},"end":{"line":21,"column":null}}},"fnMap":{"0":{"name":"errorHandlerMiddleware","decl":{"start":{"line":8,"column":16},"end":{"line":8,"column":38}},"loc":{"start":{"line":13,"column":19},"end":{"line":22,"column":1}}}},"branchMap":{"0":{"loc":{"start":{"line":17,"column":1},"end":{"line":19,"column":null}},"type":"if","locations":[{"start":{"line":17,"column":1},"end":{"line":19,"column":null}}]}},"s":{"0":0,"1":0,"2":0,"3":0},"f":{"0":0},"b":{"0":[0]}}
,"/home/guilherme/Projetos/Projeto Autoral/restaurant-menu-backend/src/middlewares/validateSchemaMiddleware.ts": {"path":"/home/guilherme/Projetos/Projeto Autoral/restaurant-menu-backend/src/middlewares/validateSchemaMiddleware.ts","statementMap":{"0":{"start":{"line":5,"column":1},"end":{"line":12,"column":null}},"1":{"start":{"line":6,"column":21},"end":{"line":6,"column":46}},"2":{"start":{"line":7,"column":2},"end":{"line":9,"column":null}},"3":{"start":{"line":8,"column":3},"end":{"line":8,"column":null}},"4":{"start":{"line":11,"column":2},"end":{"line":11,"column":null}}},"fnMap":{"0":{"name":"validateSchemaMiddleware","decl":{"start":{"line":4,"column":16},"end":{"line":4,"column":40}},"loc":{"start":{"line":4,"column":61},"end":{"line":13,"column":1}}},"1":{"name":"(anonymous_1)","decl":{"start":{"line":5,"column":8},"end":{"line":5,"column":9}},"loc":{"start":{"line":5,"column":60},"end":{"line":12,"column":2}}}},"branchMap":{"0":{"loc":{"start":{"line":7,"column":2},"end":{"line":9,"column":null}},"type":"if","locations":[{"start":{"line":7,"column":2},"end":{"line":9,"column":null}}]}},"s":{"0":2,"1":2,"2":2,"3":0,"4":2},"f":{"0":2,"1":2},"b":{"0":[0]}}
,"/home/guilherme/Projetos/Projeto Autoral/restaurant-menu-backend/src/repositories/userRepository.ts": {"path":"/home/guilherme/Projetos/Projeto Autoral/restaurant-menu-backend/src/repositories/userRepository.ts","statementMap":{"0":{"start":{"line":5,"column":1},"end":{"line":9,"column":null}},"1":{"start":{"line":13,"column":1},"end":{"line":15,"column":null}}},"fnMap":{"0":{"name":"findByEmail","decl":{"start":{"line":4,"column":15},"end":{"line":4,"column":26}},"loc":{"start":{"line":4,"column":40},"end":{"line":10,"column":null}}},"1":{"name":"insert","decl":{"start":{"line":12,"column":15},"end":{"line":12,"column":21}},"loc":{"start":{"line":12,"column":54},"end":{"line":16,"column":null}}}},"branchMap":{},"s":{"0":2,"1":1},"f":{"0":2,"1":1},"b":{}}
,"/home/guilherme/Projetos/Projeto Autoral/restaurant-menu-backend/src/routers/index.ts": {"path":"/home/guilherme/Projetos/Projeto Autoral/restaurant-menu-backend/src/routers/index.ts","statementMap":{"0":{"start":{"line":5,"column":15},"end":{"line":5,"column":23}},"1":{"start":{"line":6,"column":0},"end":{"line":6,"column":null}}},"fnMap":{},"branchMap":{},"s":{"0":1,"1":1},"f":{},"b":{}}
,"/home/guilherme/Projetos/Projeto Autoral/restaurant-menu-backend/src/routers/userRouter.ts": {"path":"/home/guilherme/Projetos/Projeto Autoral/restaurant-menu-backend/src/routers/userRouter.ts","statementMap":{"0":{"start":{"line":6,"column":19},"end":{"line":6,"column":27}},"1":{"start":{"line":8,"column":0},"end":{"line":8,"column":null}},"2":{"start":{"line":9,"column":0},"end":{"line":9,"column":null}}},"fnMap":{},"branchMap":{},"s":{"0":1,"1":1,"2":1},"f":{},"b":{}}
,"/home/guilherme/Projetos/Projeto Autoral/restaurant-menu-backend/src/schemas/userSchema.ts": {"path":"/home/guilherme/Projetos/Projeto Autoral/restaurant-menu-backend/src/schemas/userSchema.ts","statementMap":{"0":{"start":{"line":4,"column":26},"end":{"line":7,"column":2}},"1":{"start":{"line":9,"column":22},"end":{"line":13,"column":2}}},"fnMap":{},"branchMap":{},"s":{"0":1,"1":1},"f":{},"b":{}}
,"/home/guilherme/Projetos/Projeto Autoral/restaurant-menu-backend/src/services/userService.ts": {"path":"/home/guilherme/Projetos/Projeto Autoral/restaurant-menu-backend/src/services/userService.ts","statementMap":{"0":{"start":{"line":14,"column":22},"end":{"line":14,"column":76}},"1":{"start":{"line":15,"column":1},"end":{"line":15,"column":null}},"2":{"start":{"line":15,"column":18},"end":{"line":15,"column":null}},"3":{"start":{"line":17,"column":24},"end":{"line":17,"column":68}},"4":{"start":{"line":18,"column":1},"end":{"line":18,"column":null}},"5":{"start":{"line":22,"column":14},"end":{"line":22,"column":38}},"6":{"start":{"line":24,"column":15},"end":{"line":24,"column":68}},"7":{"start":{"line":26,"column":1},"end":{"line":26,"column":null}},"8":{"start":{"line":30,"column":14},"end":{"line":30,"column":63}},"9":{"start":{"line":31,"column":1},"end":{"line":31,"column":null}},"10":{"start":{"line":31,"column":11},"end":{"line":31,"column":null}},"11":{"start":{"line":33,"column":18},"end":{"line":33,"column":71}},"12":{"start":{"line":34,"column":1},"end":{"line":34,"column":null}},"13":{"start":{"line":34,"column":15},"end":{"line":34,"column":null}},"14":{"start":{"line":36,"column":1},"end":{"line":36,"column":null}}},"fnMap":{"0":{"name":"signUp","decl":{"start":{"line":13,"column":15},"end":{"line":13,"column":21}},"loc":{"start":{"line":13,"column":54},"end":{"line":19,"column":null}}},"1":{"name":"login","decl":{"start":{"line":21,"column":15},"end":{"line":21,"column":20}},"loc":{"start":{"line":21,"column":46},"end":{"line":27,"column":null}}},"2":{"name":"getUser","decl":{"start":{"line":29,"column":15},"end":{"line":29,"column":22}},"loc":{"start":{"line":29,"column":48},"end":{"line":37,"column":null}}}},"branchMap":{"0":{"loc":{"start":{"line":15,"column":1},"end":{"line":15,"column":null}},"type":"if","locations":[{"start":{"line":15,"column":1},"end":{"line":15,"column":null}}]},"1":{"loc":{"start":{"line":31,"column":1},"end":{"line":31,"column":null}},"type":"if","locations":[{"start":{"line":31,"column":1},"end":{"line":31,"column":null}}]},"2":{"loc":{"start":{"line":34,"column":1},"end":{"line":34,"column":null}},"type":"if","locations":[{"start":{"line":34,"column":1},"end":{"line":34,"column":null}}]}},"s":{"0":2,"1":2,"2":1,"3":1,"4":1,"5":3,"6":1,"7":1,"8":3,"9":3,"10":1,"11":2,"12":2,"13":1,"14":1},"f":{"0":2,"1":3,"2":3},"b":{"0":[1],"1":[1],"2":[1]}}
,"/home/guilherme/Projetos/Projeto Autoral/restaurant-menu-backend/src/utils/errorUtils.ts": {"path":"/home/guilherme/Projetos/Projeto Autoral/restaurant-menu-backend/src/utils/errorUtils.ts","statementMap":{"0":{"start":{"line":13,"column":1},"end":{"line":13,"column":null}},"1":{"start":{"line":17,"column":1},"end":{"line":17,"column":null}},"2":{"start":{"line":17,"column":26},"end":{"line":17,"column":null}},"3":{"start":{"line":18,"column":1},"end":{"line":18,"column":null}},"4":{"start":{"line":18,"column":27},"end":{"line":18,"column":null}},"5":{"start":{"line":19,"column":1},"end":{"line":19,"column":null}},"6":{"start":{"line":19,"column":30},"end":{"line":19,"column":null}},"7":{"start":{"line":20,"column":1},"end":{"line":20,"column":null}},"8":{"start":{"line":20,"column":30},"end":{"line":20,"column":null}},"9":{"start":{"line":21,"column":1},"end":{"line":21,"column":null}},"10":{"start":{"line":25,"column":1},"end":{"line":25,"column":null}},"11":{"start":{"line":29,"column":1},"end":{"line":29,"column":null}},"12":{"start":{"line":33,"column":1},"end":{"line":33,"column":null}},"13":{"start":{"line":37,"column":1},"end":{"line":37,"column":null}},"14":{"start":{"line":41,"column":1},"end":{"line":41,"column":null}}},"fnMap":{"0":{"name":"isAppError","decl":{"start":{"line":12,"column":16},"end":{"line":12,"column":26}},"loc":{"start":{"line":12,"column":40},"end":{"line":14,"column":1}}},"1":{"name":"errorTypeToStatusCode","decl":{"start":{"line":16,"column":16},"end":{"line":16,"column":37}},"loc":{"start":{"line":16,"column":57},"end":{"line":22,"column":1}}},"2":{"name":"badRequestError","decl":{"start":{"line":24,"column":16},"end":{"line":24,"column":31}},"loc":{"start":{"line":24,"column":48},"end":{"line":26,"column":1}}},"3":{"name":"conflictError","decl":{"start":{"line":28,"column":16},"end":{"line":28,"column":29}},"loc":{"start":{"line":28,"column":46},"end":{"line":30,"column":1}}},"4":{"name":"notFoundError","decl":{"start":{"line":32,"column":16},"end":{"line":32,"column":29}},"loc":{"start":{"line":32,"column":46},"end":{"line":34,"column":1}}},"5":{"name":"unauthorizedError","decl":{"start":{"line":36,"column":16},"end":{"line":36,"column":33}},"loc":{"start":{"line":36,"column":50},"end":{"line":38,"column":1}}},"6":{"name":"wrongSchemaError","decl":{"start":{"line":40,"column":16},"end":{"line":40,"column":32}},"loc":{"start":{"line":40,"column":49},"end":{"line":42,"column":1}}}},"branchMap":{"0":{"loc":{"start":{"line":17,"column":1},"end":{"line":17,"column":null}},"type":"if","locations":[{"start":{"line":17,"column":1},"end":{"line":17,"column":null}}]},"1":{"loc":{"start":{"line":18,"column":1},"end":{"line":18,"column":null}},"type":"if","locations":[{"start":{"line":18,"column":1},"end":{"line":18,"column":null}}]},"2":{"loc":{"start":{"line":19,"column":1},"end":{"line":19,"column":null}},"type":"if","locations":[{"start":{"line":19,"column":1},"end":{"line":19,"column":null}}]},"3":{"loc":{"start":{"line":20,"column":1},"end":{"line":20,"column":null}},"type":"if","locations":[{"start":{"line":20,"column":1},"end":{"line":20,"column":null}}]}},"s":{"0":0,"1":0,"2":0,"3":0,"4":0,"5":0,"6":0,"7":0,"8":0,"9":0,"10":0,"11":2,"12":0,"13":4,"14":0},"f":{"0":0,"1":0,"2":0,"3":2,"4":0,"5":4,"6":0},"b":{"0":[0],"1":[0],"2":[0],"3":[0]}}
,"/home/guilherme/Projetos/Projeto Autoral/restaurant-menu-backend/tests/factories/userBodyFactory.ts": {"path":"/home/guilherme/Projetos/Projeto Autoral/restaurant-menu-backend/tests/factories/userBodyFactory.ts","statementMap":{"0":{"start":{"line":3,"column":31},"end":{"line":7,"column":null}}},"fnMap":{},"branchMap":{},"s":{"0":2},"f":{},"b":{}}
,"/home/guilherme/Projetos/Projeto Autoral/restaurant-menu-backend/tests/factories/userFactory.ts": {"path":"/home/guilherme/Projetos/Projeto Autoral/restaurant-menu-backend/tests/factories/userFactory.ts","statementMap":{"0":{"start":{"line":6,"column":1},"end":{"line":11,"column":null}}},"fnMap":{"0":{"name":"userFactory","decl":{"start":{"line":5,"column":22},"end":{"line":5,"column":33}},"loc":{"start":{"line":5,"column":62},"end":{"line":12,"column":null}}}},"branchMap":{},"s":{"0":1},"f":{"0":1},"b":{}}
}
