TN:
SF:src/app.ts
FNF:0
FNH:0
DA:8,1
DA:9,1
DA:10,1
DA:11,1
DA:12,1
LF:5
LH:5
BRF:0
BRH:0
end_of_record
TN:
SF:src/database.ts
FNF:0
FNH:0
DA:3,2
DA:4,2
LF:2
LH:2
BRF:0
BRH:0
end_of_record
TN:
SF:src/setup.ts
FNF:0
FNH:0
DA:2,1
LF:1
LH:1
BRF:0
BRH:0
end_of_record
TN:
SF:src/controllers/userController.ts
FN:4,signUp
FN:12,login
FNF:2
FNH:2
FNDA:1,signUp
FNDA:1,login
DA:5,1
DA:7,1
DA:9,1
DA:13,1
DA:15,1
DA:17,1
LF:6
LH:6
BRF:0
BRH:0
end_of_record
TN:
SF:src/middlewares/errorHandlerMiddleware.ts
FN:8,errorHandlerMiddleware
FNF:1
FNH:0
FNDA:0,errorHandlerMiddleware
DA:15,0
DA:17,0
DA:18,0
DA:21,0
LF:4
LH:0
BRDA:17,0,0,0
BRF:1
BRH:0
end_of_record
TN:
SF:src/middlewares/validateSchemaMiddleware.ts
FN:4,validateSchemaMiddleware
FN:5,(anonymous_1)
FNF:2
FNH:2
FNDA:2,validateSchemaMiddleware
FNDA:2,(anonymous_1)
DA:5,2
DA:6,2
DA:7,2
DA:8,0
DA:11,2
LF:5
LH:4
BRDA:7,0,0,0
BRF:1
BRH:0
end_of_record
TN:
SF:src/repositories/userRepository.ts
FN:4,findByEmail
FN:12,insert
FNF:2
FNH:2
FNDA:2,findByEmail
FNDA:1,insert
DA:5,2
DA:13,1
LF:2
LH:2
BRF:0
BRH:0
end_of_record
TN:
SF:src/routers/index.ts
FNF:0
FNH:0
DA:5,1
DA:6,1
LF:2
LH:2
BRF:0
BRH:0
end_of_record
TN:
SF:src/routers/userRouter.ts
FNF:0
FNH:0
DA:6,1
DA:8,1
DA:9,1
LF:3
LH:3
BRF:0
BRH:0
end_of_record
TN:
SF:src/schemas/userSchema.ts
FNF:0
FNH:0
DA:4,1
DA:9,1
LF:2
LH:2
BRF:0
BRH:0
end_of_record
TN:
SF:src/services/userService.ts
FN:13,signUp
FN:21,login
FN:29,getUser
FNF:3
FNH:3
FNDA:2,signUp
FNDA:3,login
FNDA:3,getUser
DA:14,2
DA:15,2
DA:17,1
DA:18,1
DA:22,3
DA:24,1
DA:26,1
DA:30,3
DA:31,3
DA:33,2
DA:34,2
DA:36,1
LF:12
LH:12
BRDA:15,0,0,1
BRDA:31,1,0,1
BRDA:34,2,0,1
BRF:3
BRH:3
end_of_record
TN:
SF:src/utils/errorUtils.ts
FN:12,isAppError
FN:16,errorTypeToStatusCode
FN:24,badRequestError
FN:28,conflictError
FN:32,notFoundError
FN:36,unauthorizedError
FN:40,wrongSchemaError
FNF:7
FNH:2
FNDA:0,isAppError
FNDA:0,errorTypeToStatusCode
FNDA:0,badRequestError
FNDA:2,conflictError
FNDA:0,notFoundError
FNDA:4,unauthorizedError
FNDA:0,wrongSchemaError
DA:13,0
DA:17,0
DA:18,0
DA:19,0
DA:20,0
DA:21,0
DA:25,0
DA:29,2
DA:33,0
DA:37,4
DA:41,0
LF:11
LH:2
BRDA:17,0,0,0
BRDA:18,1,0,0
BRDA:19,2,0,0
BRDA:20,3,0,0
BRF:4
BRH:0
end_of_record
TN:
SF:tests/factories/userBodyFactory.ts
FNF:0
FNH:0
DA:3,2
LF:1
LH:1
BRF:0
BRH:0
end_of_record
TN:
SF:tests/factories/userFactory.ts
FN:5,userFactory
FNF:1
FNH:1
FNDA:1,userFactory
DA:6,1
LF:1
LH:1
BRF:0
BRH:0
end_of_record
